{"level":60, "time":"31/08/2023, 18:26:52","msg":"Internal server error aquii"}
{"level":30, "time":"31/08/2023, 18:26:52","req":{"id":1,"method":"GET","url":"/get-categories","query":{},"params":{},"headers":{"host":"localhost:5000","connection":"keep-alive","cache-control":"max-age=0","sec-ch-ua":"\"Chromium\";v=\"116\", \"Not)A;Brand\";v=\"24\", \"Google Chrome\";v=\"116\"","sec-ch-ua-mobile":"?0","sec-ch-ua-platform":"\"Linux\"","upgrade-insecure-requests":"1","user-agent":"Mozilla/5.0 (X11; Linux x86_64) AppleWebKit/537.36 (KHTML, like Gecko) Chrome/116.0.0.0 Safari/537.36","accept":"text/html,application/xhtml+xml,application/xml;q=0.9,image/avif,image/webp,image/apng,*/*;q=0.8,application/signed-exchange;v=b3;q=0.7","sec-fetch-site":"none","sec-fetch-mode":"navigate","sec-fetch-user":"?1","sec-fetch-dest":"document","accept-encoding":"gzip, deflate, br","accept-language":"en-US,en;q=0.9,pt-BR;q=0.8,pt;q=0.7,it;q=0.6"},"remoteAddress":"::1","remotePort":54996},"res":{"statusCode":500,"headers":{"x-powered-by":"Express","access-control-allow-origin":"*","content-type":"application/json; charset=utf-8","content-length":"31","etag":"W/\"1f-N3NbFodnsE5fRhSy+fsqaiZ4SyU\""}},"err":{"type":"Error","message":"failed with status code 500","stack":"Error: failed with status code 500\n    at onResFinished (/home/rootdnh/Documents/blog-js/backend/node_modules/pino-http/logger.js:114:39)\n    at ServerResponse.onResponseComplete (/home/rootdnh/Documents/blog-js/backend/node_modules/pino-http/logger.js:177:14)\n    at ServerResponse.emit (node:events:525:35)\n    at ServerResponse.emit (node:domain:489:12)\n    at onFinish (node:_http_outgoing:994:10)\n    at callback (node:internal/streams/writable:555:21)\n    at afterWrite (node:internal/streams/writable:500:5)\n    at afterWriteTick (node:internal/streams/writable:487:10)\n    at process.processTicksAndRejections (node:internal/process/task_queues:81:21)"},"responseTime":640,"msg":"request errored"}
{"level":30, "time":"31/08/2023, 18:26:52","req":{"id":2,"method":"GET","url":"/favicon.ico","query":{},"params":{},"headers":{"host":"localhost:5000","connection":"keep-alive","sec-ch-ua":"\"Chromium\";v=\"116\", \"Not)A;Brand\";v=\"24\", \"Google Chrome\";v=\"116\"","sec-ch-ua-mobile":"?0","user-agent":"Mozilla/5.0 (X11; Linux x86_64) AppleWebKit/537.36 (KHTML, like Gecko) Chrome/116.0.0.0 Safari/537.36","sec-ch-ua-platform":"\"Linux\"","accept":"image/avif,image/webp,image/apng,image/svg+xml,image/*,*/*;q=0.8","sec-fetch-site":"same-origin","sec-fetch-mode":"no-cors","sec-fetch-dest":"image","referer":"http://localhost:5000/get-categories","accept-encoding":"gzip, deflate, br","accept-language":"en-US,en;q=0.9,pt-BR;q=0.8,pt;q=0.7,it;q=0.6"},"remoteAddress":"::1","remotePort":54996},"res":{"statusCode":401,"headers":{"x-powered-by":"Express","access-control-allow-origin":"*","content-type":"application/json; charset=utf-8","content-length":"26","etag":"W/\"1a-aF3bS7IvTa3nr69cURiv2KgHLuc\""}},"responseTime":7,"msg":"request completed"}
{"level":30, "time":"31/08/2023, 18:27:07","msg":"Server is running at port: localhost:5000"}
{"level":30, "time":"31/08/2023, 18:27:08","msg":"Database connected at: localhost:5433"}
{"level":30, "time":"31/08/2023, 18:27:30","msg":"Server is running at port: localhost:5000"}
{"level":30, "time":"31/08/2023, 18:27:30","msg":"Database connected at: localhost:5433"}
{"level":60, "time":"31/08/2023, 18:27:41","msg":"Internal server error Error: fatallll"}
{"level":30, "time":"31/08/2023, 18:27:42","req":{"id":1,"method":"GET","url":"/get-categories","query":{},"params":{},"headers":{"host":"localhost:5000","connection":"keep-alive","cache-control":"max-age=0","sec-ch-ua":"\"Chromium\";v=\"116\", \"Not)A;Brand\";v=\"24\", \"Google Chrome\";v=\"116\"","sec-ch-ua-mobile":"?0","sec-ch-ua-platform":"\"Linux\"","upgrade-insecure-requests":"1","user-agent":"Mozilla/5.0 (X11; Linux x86_64) AppleWebKit/537.36 (KHTML, like Gecko) Chrome/116.0.0.0 Safari/537.36","accept":"text/html,application/xhtml+xml,application/xml;q=0.9,image/avif,image/webp,image/apng,*/*;q=0.8,application/signed-exchange;v=b3;q=0.7","sec-fetch-site":"none","sec-fetch-mode":"navigate","sec-fetch-user":"?1","sec-fetch-dest":"document","accept-encoding":"gzip, deflate, br","accept-language":"en-US,en;q=0.9,pt-BR;q=0.8,pt;q=0.7,it;q=0.6"},"remoteAddress":"::1","remotePort":41874},"res":{"statusCode":500,"headers":{"x-powered-by":"Express","access-control-allow-origin":"*","content-type":"application/json; charset=utf-8","content-length":"31","etag":"W/\"1f-N3NbFodnsE5fRhSy+fsqaiZ4SyU\""}},"err":{"type":"Error","message":"failed with status code 500","stack":"Error: failed with status code 500\n    at onResFinished (/home/rootdnh/Documents/blog-js/backend/node_modules/pino-http/logger.js:114:39)\n    at ServerResponse.onResponseComplete (/home/rootdnh/Documents/blog-js/backend/node_modules/pino-http/logger.js:177:14)\n    at ServerResponse.emit (node:events:525:35)\n    at ServerResponse.emit (node:domain:489:12)\n    at onFinish (node:_http_outgoing:994:10)\n    at callback (node:internal/streams/writable:555:21)\n    at afterWrite (node:internal/streams/writable:500:5)\n    at afterWriteTick (node:internal/streams/writable:487:10)\n    at process.processTicksAndRejections (node:internal/process/task_queues:81:21)"},"responseTime":474,"msg":"request errored"}
{"level":30, "time":"31/08/2023, 18:27:42","req":{"id":2,"method":"GET","url":"/favicon.ico","query":{},"params":{},"headers":{"host":"localhost:5000","connection":"keep-alive","sec-ch-ua":"\"Chromium\";v=\"116\", \"Not)A;Brand\";v=\"24\", \"Google Chrome\";v=\"116\"","sec-ch-ua-mobile":"?0","user-agent":"Mozilla/5.0 (X11; Linux x86_64) AppleWebKit/537.36 (KHTML, like Gecko) Chrome/116.0.0.0 Safari/537.36","sec-ch-ua-platform":"\"Linux\"","accept":"image/avif,image/webp,image/apng,image/svg+xml,image/*,*/*;q=0.8","sec-fetch-site":"same-origin","sec-fetch-mode":"no-cors","sec-fetch-dest":"image","referer":"http://localhost:5000/get-categories","accept-encoding":"gzip, deflate, br","accept-language":"en-US,en;q=0.9,pt-BR;q=0.8,pt;q=0.7,it;q=0.6"},"remoteAddress":"::1","remotePort":41874},"res":{"statusCode":401,"headers":{"x-powered-by":"Express","access-control-allow-origin":"*","content-type":"application/json; charset=utf-8","content-length":"26","etag":"W/\"1a-aF3bS7IvTa3nr69cURiv2KgHLuc\""}},"responseTime":6,"msg":"request completed"}
{"level":30, "time":"31/08/2023, 18:28:13","msg":"Server is running at port: localhost:5000"}
{"level":30, "time":"31/08/2023, 18:28:13","msg":"Database connected at: localhost:5433"}
{"level":30, "time":"31/08/2023, 18:29:44","msg":"Server is running at port: localhost:5000"}
{"level":30, "time":"31/08/2023, 18:29:44","msg":"Database connected at: localhost:5433"}
{"level":30, "time":"01/09/2023, 14:03:08","msg":"Server is running at port: localhost:5000"}
{"level":30, "time":"01/09/2023, 14:03:09","msg":"Database connected at: localhost:5433"}
{"level":30, "time":"01/09/2023, 14:12:46","req":{"id":1,"method":"GET","url":"/get-users","query":{},"params":{},"headers":{"authorization":"Bearer eyJhbGciOiJIUzI1NiIsInR5cCI6IkpXVCJ9.eyJpZCI6ImZhYjkyY2Y3LWQzZDMtNGJiNC1hMGM5LTdkNjBkNDBjMzdmYyIsImVtYWlsIjoiYXZhdGFyQGdtYWlsLmNvbSIsImlhdCI6MTY5MzA5OTE0NSwiZXhwIjoxNjkzNzgzMTQ1fQ.dqjdOIPk6-E_wCbns_9f_B1y5AxnHsjQkUNPXXnK8G8","user-agent":"PostmanRuntime/7.29.3","accept":"*/*","postman-token":"9c8e53fd-ebd3-4653-a1ca-e4674d6047af","host":"localhost:5000","accept-encoding":"gzip, deflate, br","connection":"keep-alive"},"remoteAddress":"::1","remotePort":36292},"res":{"statusCode":200,"headers":{"x-powered-by":"Express","access-control-allow-origin":"*","content-type":"application/json; charset=utf-8","content-length":"510","etag":"W/\"1fe-wu0Q4MlOy55S4y22WhN4pbtFGHc\""}},"responseTime":275,"msg":"request completed"}
{"level":30, "time":"01/09/2023, 14:15:42","msg":"Server is running at port: localhost:5000"}
{"level":30, "time":"01/09/2023, 14:15:42","msg":"Database connected at: localhost:5433"}
{"level":30, "time":"02/09/2023, 14:20:06","msg":"Server is running at port: localhost:5000"}
{"level":60, "time":"02/09/2023, 14:20:07","msg":"Something is wrong in database connection SequelizeConnectionError: The server does not support SSL connections"}
{"level":40, "time":"02/09/2023, 14:20:07","msg":"Error syncing user template, SequelizeConnectionError: The server does not support SSL connections"}
{"level":30, "time":"02/09/2023, 14:24:55","msg":"Server is running at port: localhost:5000"}
{"level":60, "time":"02/09/2023, 14:24:55","msg":"Something is wrong in database connection SequelizeConnectionError: The server does not support SSL connections"}
{"level":40, "time":"02/09/2023, 14:24:55","msg":"Error syncing user template, SequelizeConnectionError: The server does not support SSL connections"}
{"level":30, "time":"02/09/2023, 14:25:57","msg":"Server is running at port: localhost:5000"}
{"level":60, "time":"02/09/2023, 14:25:57","msg":"Something is wrong in database connection SequelizeConnectionError: The server does not support SSL connections"}
{"level":40, "time":"02/09/2023, 14:25:57","msg":"Error syncing user template, SequelizeConnectionError: The server does not support SSL connections"}
{"level":30, "time":"02/09/2023, 14:28:03","msg":"Server is running at port: localhost:5000"}
{"level":60, "time":"02/09/2023, 14:28:03","msg":"Something is wrong in database connection SequelizeConnectionError: The server does not support SSL connections"}
{"level":40, "time":"02/09/2023, 14:28:03","msg":"Error syncing user template, SequelizeConnectionError: The server does not support SSL connections"}
{"level":30, "time":"02/09/2023, 14:28:17","msg":"Server is running at port: localhost:5000"}
{"level":60, "time":"02/09/2023, 14:28:17","msg":"Something is wrong in database connection SequelizeConnectionError: The server does not support SSL connections"}
{"level":40, "time":"02/09/2023, 14:28:17","msg":"Error syncing user template, SequelizeConnectionError: The server does not support SSL connections"}
{"level":30, "time":"02/09/2023, 14:30:29","msg":"Server is running at port: localhost:5000"}
{"level":30, "time":"02/09/2023, 14:30:30","msg":"Database connected at: localhost:5433"}
{"level":30, "time":"02/09/2023, 14:31:02","msg":"Server is running at port: localhost:5000"}
{"level":30, "time":"02/09/2023, 14:31:02","msg":"Database connected at: localhost:5433"}
{"level":30, "time":"02/09/2023, 14:31:08","msg":"Server is running at port: localhost:5000"}
{"level":60, "time":"02/09/2023, 14:31:08","msg":"Something is wrong in database connection SequelizeConnectionError: The server does not support SSL connections"}
{"level":40, "time":"02/09/2023, 14:31:08","msg":"Error syncing user template, SequelizeConnectionError: The server does not support SSL connections"}
{"level":30, "time":"02/09/2023, 14:31:11","msg":"Server is running at port: localhost:5000"}
{"level":30, "time":"02/09/2023, 14:31:11","msg":"Database connected at: localhost:5433"}
